host: bigboy
Building DAG of jobs...
Using shell: /usr/bin/bash
Provided cores: 16
Rules claiming more threads will be scaled down.
Job stats:
job              count
-------------  -------
all                  1
hello_frankie        1
total                2

Select jobs to execute...
Execute 1 jobs...

[Mon Jan 20 22:30:09 2025]
localrule hello_frankie:
    output: hello/world.txt
    jobid: 1
    reason: Missing output files: hello/world.txt; Code has changed since last execution
    resources: tmpdir=/tmp

[Mon Jan 20 22:30:09 2025]
Error in rule hello_frankie:
    jobid: 1
    output: hello/world.txt
    shell:
        echo Hello World > hollo/world.txt
        (one of the commands exited with non-zero exit code; note that snakemake uses bash strict mode!)

Shutting down, this might take some time.
Exiting because a job execution failed. Look above for error message
Complete log: .snakemake/log/2025-01-20T223009.253620.snakemake.log
WorkflowError:
At least one job did not complete successfully.
