host: bigboy
Building DAG of jobs...
Using shell: /usr/bin/bash
Provided cores: 16
Rules claiming more threads will be scaled down.
Job stats:
job              count
-------------  -------
all                  1
hello_frankie        1
total                2

Select jobs to execute...
Execute 1 jobs...

[Mon Jan 20 22:30:37 2025]
localrule hello_frankie:
    output: hello/world.txt
    jobid: 1
    reason: Missing output files: hello/world.txt; Code has changed since last execution
    resources: tmpdir=/tmp

[Mon Jan 20 22:30:37 2025]
Finished job 1.
1 of 2 steps (50%) done
Select jobs to execute...
Execute 1 jobs...

[Mon Jan 20 22:30:37 2025]
localrule all:
    input: hello/world.txt
    jobid: 0
    reason: Input files updated by another job: hello/world.txt
    resources: tmpdir=/tmp

[Mon Jan 20 22:30:37 2025]
Finished job 0.
2 of 2 steps (100%) done
Complete log: .snakemake/log/2025-01-20T223037.096445.snakemake.log
