host: bigboy
Building DAG of jobs...
Using shell: /usr/bin/bash
Provided cores: 16
Rules claiming more threads will be scaled down.
Job stats:
job                  count
-----------------  -------
all                      1
frank_dynamics           1
frank_postprocess        1
total                    3

Select jobs to execute...
Execute 1 jobs...

[Tue Jan 28 23:45:33 2025]
localrule frank_dynamics:
    input: Scripts/4_docking/helloworld.txt
    output: Scripts/5_dynamics/hello_world.txt
    jobid: 2
    reason: Missing output files: Scripts/5_dynamics/hello_world.txt
    resources: tmpdir=/tmp

[Tue Jan 28 23:45:33 2025]
Finished job 2.
1 of 3 steps (33%) done
Select jobs to execute...
Execute 1 jobs...

[Tue Jan 28 23:45:33 2025]
localrule frank_postprocess:
    input: Scripts/5_dynamics/hello_world.txt
    output: Scripts/6_postprocess/helloworld.txt
    jobid: 1
    reason: Input files updated by another job: Scripts/5_dynamics/hello_world.txt; Set of input files has changed since last execution
    resources: tmpdir=/tmp

[Tue Jan 28 23:45:33 2025]
Finished job 1.
2 of 3 steps (67%) done
Select jobs to execute...
Execute 1 jobs...

[Tue Jan 28 23:45:33 2025]
localrule all:
    input: Scripts/6_postprocess/helloworld.txt
    jobid: 0
    reason: Input files updated by another job: Scripts/6_postprocess/helloworld.txt
    resources: tmpdir=/tmp

[Tue Jan 28 23:45:33 2025]
Finished job 0.
3 of 3 steps (100%) done
Complete log: .snakemake/log/2025-01-28T234533.398558.snakemake.log
