host: bigboy
Building DAG of jobs...
Using shell: /usr/bin/bash
Provided cores: 16
Rules claiming more threads will be scaled down.
Job stats:
job                  count
-----------------  -------
all                      1
frank_diffusion          1
frank_docking            1
frank_dynamics           1
frank_folding            1
frank_postprocess        1
frank_preprocess         1
total                    7

Select jobs to execute...
Execute 1 jobs...

[Sun Jan 26 21:52:52 2025]
localrule frank_preprocess:
    output: Scripts/1_preprocess/helloworld.txt
    jobid: 6
    reason: Code has changed since last execution
    resources: tmpdir=/tmp

[Sun Jan 26 21:52:52 2025]
Finished job 6.
1 of 7 steps (14%) done
Select jobs to execute...
Execute 1 jobs...

[Sun Jan 26 21:52:52 2025]
localrule frank_folding:
    input: Scripts/1_preprocess/helloworld.txt
    output: Scripts/2_folding/helloworld.txt
    jobid: 5
    reason: Input files updated by another job: Scripts/1_preprocess/helloworld.txt
    resources: tmpdir=/tmp

[Sun Jan 26 21:52:52 2025]
Finished job 5.
2 of 7 steps (29%) done
Select jobs to execute...
Execute 1 jobs...

[Sun Jan 26 21:52:52 2025]
localrule frank_diffusion:
    input: Scripts/2_folding/helloworld.txt
    output: Scripts/3_diffusion/helloworld.txt
    jobid: 4
    reason: Input files updated by another job: Scripts/2_folding/helloworld.txt
    resources: tmpdir=/tmp

[Sun Jan 26 21:52:52 2025]
Finished job 4.
3 of 7 steps (43%) done
Select jobs to execute...
Execute 1 jobs...

[Sun Jan 26 21:52:52 2025]
localrule frank_docking:
    input: Scripts/3_diffusion/helloworld.txt
    output: Scripts/4_docking/helloworld.txt
    jobid: 3
    reason: Input files updated by another job: Scripts/3_diffusion/helloworld.txt
    resources: tmpdir=/tmp

[Sun Jan 26 21:52:52 2025]
Finished job 3.
4 of 7 steps (57%) done
Select jobs to execute...
Execute 1 jobs...

[Sun Jan 26 21:52:52 2025]
localrule frank_dynamics:
    input: Scripts/4_docking/helloworld.txt
    output: Scripts/5_dynamics/hello/world.txt
    jobid: 2
    reason: Input files updated by another job: Scripts/4_docking/helloworld.txt
    resources: tmpdir=/tmp

[Sun Jan 26 21:52:52 2025]
Finished job 2.
5 of 7 steps (71%) done
Select jobs to execute...
Execute 1 jobs...

[Sun Jan 26 21:52:52 2025]
localrule frank_postprocess:
    input: Scripts/5_dynamics/hello/world.txt
    output: Scripts/6_postprocess/helloworld.txt
    jobid: 1
    reason: Input files updated by another job: Scripts/5_dynamics/hello/world.txt
    resources: tmpdir=/tmp

[Sun Jan 26 21:52:52 2025]
Finished job 1.
6 of 7 steps (86%) done
Select jobs to execute...
Execute 1 jobs...

[Sun Jan 26 21:52:52 2025]
localrule all:
    input: Scripts/6_postprocess/helloworld.txt
    jobid: 0
    reason: Input files updated by another job: Scripts/6_postprocess/helloworld.txt
    resources: tmpdir=/tmp

[Sun Jan 26 21:52:52 2025]
Finished job 0.
7 of 7 steps (100%) done
Complete log: .snakemake/log/2025-01-26T215252.903207.snakemake.log
