host: bigboy
Building DAG of jobs...
Using shell: /usr/bin/bash
Provided cores: 16
Rules claiming more threads will be scaled down.
Job stats:
job                  count
-----------------  -------
all                      1
frank_diffusion          1
frank_docking            1
frank_dynamics           1
frank_postprocess        1
total                    5

Select jobs to execute...
Execute 1 jobs...

[Mon Feb 17 20:23:59 2025]
localrule frank_diffusion:
    input: /home/bigboy/Documents/GitHub/Frankies/Frankies/Scripts/2_diffusion/prepare_evodiff.py, /home/bigboy/Desktop/test junk/evodiff/PD1_Hchains_aligned.a3m
    output: Scripts/3_diffusion/helloworld.txt
    jobid: 4
    reason: Missing output files: Scripts/3_diffusion/helloworld.txt; Updated input files: /home/bigboy/Documents/GitHub/Frankies/Frankies/Scripts/2_diffusion/prepare_evodiff.py, /home/bigboy/Desktop/test junk/evodiff/PD1_Hchains_aligned.a3m
    resources: tmpdir=/tmp

[Mon Feb 17 20:23:59 2025]
Error in rule frank_diffusion:
    jobid: 4
    input: /home/bigboy/Documents/GitHub/Frankies/Frankies/Scripts/2_diffusion/prepare_evodiff.py, /home/bigboy/Desktop/test junk/evodiff/PD1_Hchains_aligned.a3m
    output: Scripts/3_diffusion/helloworld.txt
    shell:
        python3 /home/bigboy/Documents/GitHub/Frankies/Frankies/Scripts/2_diffusion/prepare_evodiff.py --chain /home/bigboy/Desktop/test junk/evodiff/PD1_Hchains_aligned.a3m
        (one of the commands exited with non-zero exit code; note that snakemake uses bash strict mode!)

Shutting down, this might take some time.
Exiting because a job execution failed. Look above for error message
Complete log: .snakemake/log/2025-02-17T202359.165523.snakemake.log
WorkflowError:
At least one job did not complete successfully.
