host: bigboy
Building DAG of jobs...
Using shell: /usr/bin/bash
Provided cores: 16
Rules claiming more threads will be scaled down.
Job stats:
job              count
-------------  -------
frank_folding        1
total                1

Select jobs to execute...
Execute 1 jobs...

[Wed Jan 29 00:33:10 2025]
localrule frank_folding:
    input: /home/bigboy/Documents/GitHub/Frankies/Frankies/data/processed/3_diffusion/af_input, /home/bigboy/Documents/GitHub/Frankies/Frankies/outputs/3_diffusion
    output: outputs/3_diffusion/structure.pdb
    jobid: 0
    reason: Forced execution
    resources: tmpdir=/tmp

[Wed Jan 29 00:33:11 2025]
Error in rule frank_folding:
    jobid: 0
    input: /home/bigboy/Documents/GitHub/Frankies/Frankies/data/processed/3_diffusion/af_input, /home/bigboy/Documents/GitHub/Frankies/Frankies/outputs/3_diffusion
    output: outputs/3_diffusion/structure.pdb
    shell:
              
        docker run -it             --volume /home/bigboy/Documents/GitHub/Frankies/Frankies/data/processed/3_diffusion/af_input:/root/af_input             --volume /home/bigboy/Documents/GitHub/Frankies/Frankies/outputs/3_diffusion:/root/af_output             --volume /media/ssd2/Projects/Alphafold/Alphafold_weights:/root/models             --volume /media/ssd2/Projects/Alphafold/Alphafold_DB:/root/public_databases             --gpus all             alphafold3             python run_alphafold.py             --json_path=/root/af_input/fold_input.json             --model_dir=/root/models             --output_dir=/root/af_output
    
        (one of the commands exited with non-zero exit code; note that snakemake uses bash strict mode!)

Shutting down, this might take some time.
Exiting because a job execution failed. Look above for error message
Complete log: .snakemake/log/2025-01-29T003310.265843.snakemake.log
WorkflowError:
At least one job did not complete successfully.
