host: bigboy
Building DAG of jobs...
Using shell: /usr/bin/bash
Provided cores: 16
Rules claiming more threads will be scaled down.
Job stats:
job        count
-------  -------
bwa_map        2
total          2

Select jobs to execute...
Execute 2 jobs...

[Mon Jan 20 20:30:50 2025]
localrule bwa_map:
    input: /home/bigboy/Documents/GitHub/Frankies/Frankies/snakemake-tutorial/data/genome.fa, /home/bigboy/Documents/GitHub/Frankies/Frankies/snakemake-tutorial/data/samples/A.fastq
    output: mapped_reads/A.bam
    jobid: 1
    reason: Updated input files: /home/bigboy/Documents/GitHub/Frankies/Frankies/snakemake-tutorial/data/samples/A.fastq
    wildcards: sample=A
    resources: tmpdir=/tmp


[Mon Jan 20 20:30:50 2025]
localrule bwa_map:
    input: /home/bigboy/Documents/GitHub/Frankies/Frankies/snakemake-tutorial/data/genome.fa, /home/bigboy/Documents/GitHub/Frankies/Frankies/snakemake-tutorial/data/samples/B.fastq
    output: mapped_reads/B.bam
    jobid: 0
    reason: Missing output files: mapped_reads/B.bam
    wildcards: sample=B
    resources: tmpdir=/tmp

[Mon Jan 20 20:30:50 2025]
Finished job 0.
1 of 2 steps (50%) done
[Mon Jan 20 20:30:50 2025]
Finished job 1.
2 of 2 steps (100%) done
Complete log: .snakemake/log/2025-01-20T203050.442467.snakemake.log
