host: bigboy
Building DAG of jobs...
Using shell: /usr/bin/bash
Provided cores: 1 (use --cores to define parallelism)
Rules claiming more threads will be scaled down.
Job stats:
job        count
-------  -------
bwa_map        1
total          1

Select jobs to execute...
Execute 1 jobs...

[Mon Jan 20 20:06:42 2025]
localrule bwa_map:
    input: /home/bigboy/Documents/GitHub/Frankies/Frankies/snakemake-tutorial/data/genome.fa, /home/bigboy/Documents/GitHub/Frankies/Frankies/snakemake-tutorial/data/samples/A.fastq
    output: mapped_reads/A.bam
    jobid: 0
    reason: Missing output files: mapped_reads/A.bam
    resources: tmpdir=/tmp

[Mon Jan 20 20:06:43 2025]
Finished job 0.
1 of 1 steps (100%) done
Complete log: .snakemake/log/2025-01-20T200642.673946.snakemake.log
